<?xml version="1.0" encoding="UTF-8"?>
<testng-results skipped="0" failed="0" ignored="0" total="1" passed="1">
  <reporter-output>
  </reporter-output>
  <suite name="Default suite" duration-ms="3778" started-at="2020-02-17T12:23:19 IST" finished-at="2020-02-17T12:23:23 IST">
    <groups>
    </groups>
    <test name="Default test" duration-ms="3778" started-at="2020-02-17T12:23:19 IST" finished-at="2020-02-17T12:23:23 IST">
      <class name="com.qa.test.RestapiTest">
        <test-method status="PASS" signature="setup()[pri:0, instance:com.qa.test.RestapiTest@2b9627bc]" name="setup" is-config="true" duration-ms="55" started-at="2020-02-17T12:23:19 IST" finished-at="2020-02-17T12:23:19 IST">
          <reporter-output>
          </reporter-output>
        </test-method> <!-- setup -->
        <test-method status="PASS" signature="test()[pri:0, instance:com.qa.test.RestapiTest@2b9627bc]" name="test" duration-ms="3600" started-at="2020-02-17T12:23:19 IST" finished-at="2020-02-17T12:23:23 IST">
          <reporter-output>
          </reporter-output>
        </test-method> <!-- test -->
      </class> <!-- com.qa.test.RestapiTest -->
    </test> <!-- Default test -->
  </suite> <!-- Default suite -->
</testng-results>
